# JRE version: Java(TM) SE Runtime Environment (8.0_131-b11) (build 1.8.0_131-b11)
# Java VM: Java HotSpot(TM) 64-Bit Server VM (25.131-b11 mixed mode windows-amd64 compressed oops)
Heap:
 PSYoungGen      total 120320K, used 100455K [0x00000000d5980000, 0x00000000dda00000, 0x0000000100000000)
  eden space 112128K, 89% used [0x00000000d5980000,0x00000000dbb99ef8,0x00000000dc700000)
  from space 8192K, 0% used [0x00000000dd200000,0x00000000dd200000,0x00000000dda00000)
  to   space 9216K, 0% used [0x00000000dc800000,0x00000000dc800000,0x00000000dd100000)
 ParOldGen       total 77824K, used 12434K [0x0000000080c00000, 0x0000000085800000, 0x00000000d5980000)
  object space 77824K, 15% used [0x0000000080c00000,0x0000000081824808,0x0000000085800000)
 Metaspace       used 45275K, capacity 47216K, committed 47400K, reserved 1089536K
  class space    used 6050K, capacity 6392K, committed 6448K, reserved 1048576K
GC Heap History (10 events):
Event: 6.274 GC heap before
{Heap before GC invocations=6 (full 1):
 PSYoungGen      total 71680K, used 66560K [0x00000000d5980000, 0x00000000da480000, 0x0000000100000000)
  eden space 66560K, 100% used [0x00000000d5980000,0x00000000d9a80000,0x00000000d9a80000)
  from space 5120K, 0% used [0x00000000d9f80000,0x00000000d9f80000,0x00000000da480000)
  to   space 5120K, 0% used [0x00000000d9a80000,0x00000000d9a80000,0x00000000d9f80000)
 ParOldGen       total 53248K, used 7016K [0x0000000080c00000, 0x0000000084000000, 0x00000000d5980000)
  object space 53248K, 13% used [0x0000000080c00000,0x00000000812da248,0x0000000084000000)
 Metaspace       used 23451K, capacity 24220K, committed 24368K, reserved 1071104K
  class space    used 3087K, capacity 3288K, committed 3376K, reserved 1048576K
Event: 6.310 GC heap after
Heap after GC invocations=6 (full 1):
 PSYoungGen      total 71680K, used 4174K [0x00000000d5980000, 0x00000000dda80000, 0x0000000100000000)
  eden space 66560K, 0% used [0x00000000d5980000,0x00000000d5980000,0x00000000d9a80000)
  from space 5120K, 81% used [0x00000000d9a80000,0x00000000d9e93bd8,0x00000000d9f80000)
  to   space 8704K, 0% used [0x00000000dd200000,0x00000000dd200000,0x00000000dda80000)
 ParOldGen       total 53248K, used 7024K [0x0000000080c00000, 0x0000000084000000, 0x00000000d5980000)
  object space 53248K, 13% used [0x0000000080c00000,0x00000000812dc248,0x0000000084000000)
 Metaspace       used 23451K, capacity 24220K, committed 24368K, reserved 1071104K
  class space    used 3087K, capacity 3288K, committed 3376K, reserved 1048576K
}
Event: 8.767 GC heap before
{Heap before GC invocations=7 (full 1):
 PSYoungGen      total 71680K, used 70734K [0x00000000d5980000, 0x00000000dda80000, 0x0000000100000000)
  eden space 66560K, 100% used [0x00000000d5980000,0x00000000d9a80000,0x00000000d9a80000)
  from space 5120K, 81% used [0x00000000d9a80000,0x00000000d9e93bd8,0x00000000d9f80000)
  to   space 8704K, 0% used [0x00000000dd200000,0x00000000dd200000,0x00000000dda80000)
 ParOldGen       total 53248K, used 7024K [0x0000000080c00000, 0x0000000084000000, 0x00000000d5980000)
  object space 53248K, 13% used [0x0000000080c00000,0x00000000812dc248,0x0000000084000000)
 Metaspace       used 26485K, capacity 27584K, committed 27824K, reserved 1073152K
  class space    used 3486K, capacity 3728K, committed 3760K, reserved 1048576K
Event: 8.788 GC heap after
Heap after GC invocations=7 (full 1):
 PSYoungGen      total 120320K, used 8117K [0x00000000d5980000, 0x00000000dda00000, 0x0000000100000000)
  eden space 112128K, 0% used [0x00000000d5980000,0x00000000d5980000,0x00000000dc700000)
  from space 8192K, 99% used [0x00000000dd200000,0x00000000dd9ed410,0x00000000dda00000)
  to   space 9216K, 0% used [0x00000000dc800000,0x00000000dc800000,0x00000000dd100000)
 ParOldGen       total 53248K, used 7032K [0x0000000080c00000, 0x0000000084000000, 0x00000000d5980000)
  object space 53248K, 13% used [0x0000000080c00000,0x00000000812de248,0x0000000084000000)
 Metaspace       used 26485K, capacity 27584K, committed 27824K, reserved 1073152K
  class space    used 3486K, capacity 3728K, committed 3760K, reserved 1048576K
}
Event: 11.265 GC heap before
{Heap before GC invocations=8 (full 1):
 PSYoungGen      total 120320K, used 120211K [0x00000000d5980000, 0x00000000dda00000, 0x0000000100000000)
  eden space 112128K, 99% used [0x00000000d5980000,0x00000000dc6f7998,0x00000000dc700000)
  from space 8192K, 99% used [0x00000000dd200000,0x00000000dd9ed410,0x00000000dda00000)
  to   space 9216K, 0% used [0x00000000dc800000,0x00000000dc800000,0x00000000dd100000)
 ParOldGen       total 53248K, used 7032K [0x0000000080c00000, 0x0000000084000000, 0x00000000d5980000)
  object space 53248K, 13% used [0x0000000080c00000,0x00000000812de248,0x0000000084000000)
 Metaspace       used 33038K, capacity 34778K, committed 34864K, reserved 1079296K
  class space    used 4355K, capacity 4653K, committed 4656K, reserved 1048576K
Event: 11.293 GC heap after
Heap after GC invocations=8 (full 1):
 PSYoungGen      total 121344K, used 9213K [0x00000000d5980000, 0x00000000dda00000, 0x0000000100000000)
  eden space 112128K, 0% used [0x00000000d5980000,0x00000000d5980000,0x00000000dc700000)
  from space 9216K, 99% used [0x00000000dc800000,0x00000000dd0ff660,0x00000000dd100000)
  to   space 8192K, 0% used [0x00000000dd200000,0x00000000dd200000,0x00000000dda00000)
 ParOldGen       total 53248K, used 9949K [0x0000000080c00000, 0x0000000084000000, 0x00000000d5980000)
  object space 53248K, 18% used [0x0000000080c00000,0x00000000815b74f0,0x0000000084000000)
 Metaspace       used 33038K, capacity 34778K, committed 34864K, reserved 1079296K
  class space    used 4355K, capacity 4653K, committed 4656K, reserved 1048576K
}
Event: 11.823 GC heap before
{Heap before GC invocations=9 (full 1):
 PSYoungGen      total 121344K, used 29559K [0x00000000d5980000, 0x00000000dda00000, 0x0000000100000000)
  eden space 112128K, 18% used [0x00000000d5980000,0x00000000d6d5e990,0x00000000dc700000)
  from space 9216K, 99% used [0x00000000dc800000,0x00000000dd0ff660,0x00000000dd100000)
  to   space 8192K, 0% used [0x00000000dd200000,0x00000000dd200000,0x00000000dda00000)
 ParOldGen       total 53248K, used 9949K [0x0000000080c00000, 0x0000000084000000, 0x00000000d5980000)
  object space 53248K, 18% used [0x0000000080c00000,0x00000000815b74f0,0x0000000084000000)
 Metaspace       used 33665K, capacity 35404K, committed 35496K, reserved 1079296K
  class space    used 4429K, capacity 4754K, committed 4784K, reserved 1048576K
Event: 11.837 GC heap after
Heap after GC invocations=9 (full 1):
 PSYoungGen      total 120320K, used 8157K [0x00000000d5980000, 0x00000000dda00000, 0x0000000100000000)
  eden space 112128K, 0% used [0x00000000d5980000,0x00000000d5980000,0x00000000dc700000)
  from space 8192K, 99% used [0x00000000dd200000,0x00000000dd9f7788,0x00000000dda00000)
  to   space 9216K, 0% used [0x00000000dc800000,0x00000000dc800000,0x00000000dd100000)
 ParOldGen       total 53248K, used 10006K [0x0000000080c00000, 0x0000000084000000, 0x00000000d5980000)
  object space 53248K, 18% used [0x0000000080c00000,0x00000000815c5ae0,0x0000000084000000)
 Metaspace       used 33665K, capacity 35404K, committed 35496K, reserved 1079296K
  class space    used 4429K, capacity 4754K, committed 4784K, reserved 1048576K
}
Event: 11.837 GC heap before
{Heap before GC invocations=10 (full 2):
 PSYoungGen      total 120320K, used 8157K [0x00000000d5980000, 0x00000000dda00000, 0x0000000100000000)
  eden space 112128K, 0% used [0x00000000d5980000,0x00000000d5980000,0x00000000dc700000)
  from space 8192K, 99% used [0x00000000dd200000,0x00000000dd9f7788,0x00000000dda00000)
  to   space 9216K, 0% used [0x00000000dc800000,0x00000000dc800000,0x00000000dd100000)
 ParOldGen       total 53248K, used 10006K [0x0000000080c00000, 0x0000000084000000, 0x00000000d5980000)
  object space 53248K, 18% used [0x0000000080c00000,0x00000000815c5ae0,0x0000000084000000)
 Metaspace       used 33665K, capacity 35404K, committed 35496K, reserved 1079296K
  class space    used 4429K, capacity 4754K, committed 4784K, reserved 1048576K
Event: 11.974 GC heap after
Heap after GC invocations=10 (full 2):
 PSYoungGen      total 120320K, used 0K [0x00000000d5980000, 0x00000000dda00000, 0x0000000100000000)
  eden space 112128K, 0% used [0x00000000d5980000,0x00000000d5980000,0x00000000dc700000)
  from space 8192K, 0% used [0x00000000dd200000,0x00000000dd200000,0x00000000dda00000)
  to   space 9216K, 0% used [0x00000000dc800000,0x00000000dc800000,0x00000000dd100000)
 ParOldGen       total 77824K, used 12434K [0x0000000080c00000, 0x0000000085800000, 0x00000000d5980000)
  object space 77824K, 15% used [0x0000000080c00000,0x0000000081824808,0x0000000085800000)
 Metaspace       used 33665K, capacity 35404K, committed 35496K, reserved 1079296K
  class space    used 4429K, capacity 4754K, committed 4784K, reserved 1048576K
}

